<?xml version="1.0" encoding="UTF-8"?>
<!-- Generated by org.testng.reporters.JUnitReportReporter -->
<testsuite hostname="DESKTOP-4RVIL0V" failures="0" tests="1" name="com.shadow.TestNg" time="26.832" errors="0" timestamp="2022-12-08T16:15:32 IST" skipped="0">
  <testcase classname="com.shadow.TestNg" name="actions" time="26.832"/>
  <system-out/>
</testsuite> <!-- com.shadow.TestNg -->
