<?xml version="1.0" encoding="UTF-8"?>
<!-- Generated by org.testng.reporters.JUnitReportReporter -->
<testsuite hostname="DESKTOP-4RVIL0V" failures="0" tests="2" name="com.nopcommerce.testcase.Ordering" time="30.803" errors="0" timestamp="2022-12-13T10:41:08 IST" skipped="0">
  <testcase classname="com.nopcommerce.testcase.Ordering" name="register" time="8.370"/>
  <system-out/>
  <testcase classname="com.nopcommerce.testcase.Ordering" name="m1" time="22.433"/>
  <system-out/>
</testsuite> <!-- com.nopcommerce.testcase.Ordering -->
