<?xml version="1.0" encoding="UTF-8"?>
<!-- Generated by org.testng.reporters.JUnitReportReporter -->
<testsuite hostname="DESKTOP-4RVIL0V" failures="0" tests="6" name="com.maven.TestNG.Priority" time="60.026" errors="0" timestamp="2022-12-05T14:14:41 IST" skipped="0">
  <testcase classname="com.maven.TestNG.Priority" name="lauchAndNavigateToAmazon" time="22.764"/>
  <system-out/>
  <testcase classname="com.maven.TestNG.Priority" name="searchProduct" time="12.769"/>
  <system-out/>
  <testcase classname="com.maven.TestNG.Priority" name="chooseProduct" time="1.552"/>
  <system-out/>
  <testcase classname="com.maven.TestNG.Priority" name="switchToWindow1" time="0.165"/>
  <system-out/>
  <testcase classname="com.maven.TestNG.Priority" name="addToCart" time="21.442"/>
  <system-out/>
  <testcase classname="com.maven.TestNG.Priority" name="deleteFromCart" time="1.334"/>
  <system-out/>
</testsuite> <!-- com.maven.TestNG.Priority -->
