<?xml version="1.0" encoding="UTF-8"?>
<!-- Generated by org.testng.reporters.JUnitReportReporter -->
<testsuite hostname="DESKTOP-4RVIL0V" failures="0" tests="1" name="com.maven.TestNG.Facebook" time="14.588" errors="0" timestamp="2022-12-06T11:26:58 IST" skipped="0">
  <testcase classname="com.maven.TestNG.Facebook" name="home" time="14.588"/>
  <system-out/>
</testsuite> <!-- com.maven.TestNG.Facebook -->
