<?xml version="1.0" encoding="UTF-8"?>
<!-- Generated by org.testng.reporters.JUnitReportReporter -->
<testsuite hostname="DESKTOP-4RVIL0V" failures="0" tests="6" name="com.maven.TestNG.InvocationCount" time="0.055" errors="0" timestamp="2022-12-06T16:25:06 IST" skipped="1">
  <testcase classname="com.maven.TestNG.InvocationCount" name="m2" time="0.034"/>
  <system-out/>
  <testcase classname="com.maven.TestNG.InvocationCount" name="m2" time="0.005"/>
  <system-out/>
  <testcase classname="com.maven.TestNG.InvocationCount" name="m1" time="0.005"/>
  <system-out/>
  <testcase classname="com.maven.TestNG.InvocationCount" name="m1" time="0.003"/>
  <system-out/>
  <testcase classname="com.maven.TestNG.InvocationCount" name="m1" time="0.008"/>
  <system-out/>
  <testcase classname="com.maven.TestNG.InvocationCount" name="m3">
    <skipped/>
  </testcase> <!-- m3 -->
  <system-out/>
</testsuite> <!-- com.maven.TestNG.InvocationCount -->
