<?xml version="1.0" encoding="UTF-8"?>
<!-- Generated by org.testng.reporters.JUnitReportReporter -->
<testsuite hostname="DESKTOP-4RVIL0V" failures="0" tests="6" name="com.maven.TestNG.Groups" time="0.065" errors="0" timestamp="2022-12-06T09:57:04 IST" skipped="0">
  <testcase classname="com.maven.TestNG.Groups" name="qm3" time="0.028"/>
  <system-out/>
  <testcase classname="com.maven.TestNG.Groups" name="hm2" time="0.007"/>
  <system-out/>
  <testcase classname="com.maven.TestNG.Groups" name="am4" time="0.011"/>
  <system-out/>
  <testcase classname="com.maven.TestNG.Groups" name="sm5" time="0.004"/>
  <system-out/>
  <testcase classname="com.maven.TestNG.Groups" name="cm1" time="0.008"/>
  <system-out/>
  <testcase classname="com.maven.TestNG.Groups" name="m6" time="0.007"/>
  <system-out/>
</testsuite> <!-- com.maven.TestNG.Groups -->
