<?xml version="1.0" encoding="UTF-8"?>
<!-- Generated by org.testng.reporters.JUnitReportReporter -->
<testsuite hostname="DESKTOP-4RVIL0V" failures="0" tests="5" name="com.maven.TestNG.DependsOnMethode" time="0.042" errors="0" timestamp="2022-12-05T14:22:42 IST" skipped="0">
  <testcase classname="com.maven.TestNG.DependsOnMethode" name="chooseProduct" time="0.004"/>
  <system-out/>
  <testcase classname="com.maven.TestNG.DependsOnMethode" name="login" time="0.023"/>
  <system-out/>
  <testcase classname="com.maven.TestNG.DependsOnMethode" name="search" time="0.004"/>
  <system-out/>
  <testcase classname="com.maven.TestNG.DependsOnMethode" name="addToCart" time="0.004"/>
  <system-out/>
  <testcase classname="com.maven.TestNG.DependsOnMethode" name="deleteFromCart" time="0.007"/>
  <system-out/>
</testsuite> <!-- com.maven.TestNG.DependsOnMethode -->
