<?xml version="1.0" encoding="UTF-8"?>
<!-- Generated by org.testng.reporters.JUnitReportReporter -->
<testsuite hostname="DESKTOP-4RVIL0V" failures="0" tests="1" name="com.maven.TestNG.Letcode" time="20.536" errors="0" timestamp="2022-12-06T16:32:23 IST" skipped="0">
  <testcase classname="com.maven.TestNG.Letcode" name="letcode" time="20.536"/>
  <system-out/>
</testsuite> <!-- com.maven.TestNG.Letcode -->
