<?xml version="1.0" encoding="UTF-8"?>
<!-- Generated by org.testng.reporters.JUnitReportReporter -->
<testsuite hostname="DESKTOP-4RVIL0V" failures="0" tests="2" name="com.nopcommerce.testcase.CheckingOrderPlacing" time="36.622" errors="0" timestamp="2022-12-13T10:45:14 IST" skipped="0">
  <testcase classname="com.nopcommerce.testcase.CheckingOrderPlacing" name="register" time="8.085"/>
  <system-out/>
  <testcase classname="com.nopcommerce.testcase.CheckingOrderPlacing" name="OrderPlacing" time="28.537"/>
  <system-out/>
</testsuite> <!-- com.nopcommerce.testcase.CheckingOrderPlacing -->
